android-twa/app/build/intermediates/manifest_merge_blame_file/release/processReleaseMainManifest/manifest-merger-blame-release-report.txt
1<?xml version="1.0" encoding="utf-8"?>
2<!--
3    Copyright 2019 Google Inc. All Rights Reserved.
4
5     Licensed under the Apache License, Version 2.0 (the "License");
6     you may not use this file except in compliance with the License.
7     You may obtain a copy of the License at
8
9         http://www.apache.org/licenses/LICENSE-2.0
10
11     Unless required by applicable law or agreed to in writing, software
12     distributed under the License is distributed on an "AS IS" BASIS,
13     WITHOUT WARRANTIES OR CONDITIONS OF ANY KIND, either express or implied.
14     See the License for the specific language governing permissions and
15     limitations under the License.
16-->
17<!--
18 The "package" attribute is rewritten by the Gradle build with the value of applicationId.
19     It is still required here, as it is used to derive paths, for instance when referring
20     to an Activity by ".MyActivity" instead of the full name. If more Activities are added to the
21     application, the package attribute will need to reflect the correct path in order to use
22     the abbreviated format.
23-->
24<manifest xmlns:android="http://schemas.android.com/apk/res/android"
25    package="com.pedeacai.app"
26    android:versionCode="1" >
27
28    <uses-sdk
29        android:minSdkVersion="21"
30        android:targetSdkVersion="35" />
31
32    <queries>
32-->[com.google.androidbrowserhelper:androidbrowserhelper:2.6.2] AndroidManifest.xml:22:5-30:15
33        <intent>
33-->[com.google.androidbrowserhelper:androidbrowserhelper:2.6.2] AndroidManifest.xml:23:9-29:18
34            <action android:name="android.intent.action.VIEW" />
34-->src\main\AndroidManifest.xml:146:17-68
34-->src\main\AndroidManifest.xml:146:25-66
35
36            <category android:name="android.intent.category.BROWSABLE" />
36-->src\main\AndroidManifest.xml:148:17-77
36-->src\main\AndroidManifest.xml:148:27-75
37
38            <data android:scheme="https" />
38-->src\main\AndroidManifest.xml:149:17-152:19
38-->src\main\AndroidManifest.xml:149:23-45
39        </intent>
40    </queries>
41
42    <permission
42-->[androidx.core:core:1.13.0] AndroidManifest.xml:22:5-24:47
43        android:name="com.pedeacai.app.DYNAMIC_RECEIVER_NOT_EXPORTED_PERMISSION"
43-->[androidx.core:core:1.13.0] AndroidManifest.xml:23:9-81
44        android:protectionLevel="signature" />
44-->[androidx.core:core:1.13.0] AndroidManifest.xml:24:9-44
45
46    <uses-permission android:name="com.pedeacai.app.DYNAMIC_RECEIVER_NOT_EXPORTED_PERMISSION" />
46-->[androidx.core:core:1.13.0] AndroidManifest.xml:26:5-97
46-->[androidx.core:core:1.13.0] AndroidManifest.xml:26:22-94
47
48    <application
48-->src\main\AndroidManifest.xml:33:5-191:19
49        android:name="com.pedeacai.app.Application"
49-->src\main\AndroidManifest.xml:34:9-35
50        android:allowBackup="true"
50-->src\main\AndroidManifest.xml:35:9-35
51        android:appComponentFactory="androidx.core.app.CoreComponentFactory"
51-->[androidx.core:core:1.13.0] AndroidManifest.xml:28:18-86
52        android:extractNativeLibs="true"
53        android:icon="@mipmap/ic_launcher"
53-->src\main\AndroidManifest.xml:36:9-43
54        android:label="@string/appName"
54-->src\main\AndroidManifest.xml:37:9-40
55        android:manageSpaceActivity="com.google.androidbrowserhelper.trusted.ManageDataLauncherActivity"
55-->src\main\AndroidManifest.xml:39:9-105
56        android:supportsRtl="true"
56-->src\main\AndroidManifest.xml:41:9-35
57        android:theme="@android:style/Theme.Translucent.NoTitleBar" >
57-->src\main\AndroidManifest.xml:42:9-68
58        <meta-data
58-->src\main\AndroidManifest.xml:44:9-46:58
59            android:name="asset_statements"
59-->src\main\AndroidManifest.xml:45:13-44
60            android:resource="@string/assetStatements" />
60-->src\main\AndroidManifest.xml:46:13-55
61        <meta-data
61-->src\main\AndroidManifest.xml:49:13-51:58
62            android:name="web_manifest_url"
62-->src\main\AndroidManifest.xml:50:17-48
63            android:value="@string/webManifestUrl" />
63-->src\main\AndroidManifest.xml:51:17-55
64        <meta-data
64-->src\main\AndroidManifest.xml:54:9-56:52
65            android:name="twa_generator"
65-->src\main\AndroidManifest.xml:55:13-41
66            android:value="@string/generatorApp" />
66-->src\main\AndroidManifest.xml:56:13-49
67
68        <activity
68-->src\main\AndroidManifest.xml:63:13-74:24
69            android:name="com.google.androidbrowserhelper.trusted.ManageDataLauncherActivity"
69-->src\main\AndroidManifest.xml:63:23-104
70            android:enabled="true"
70-->src\main\AndroidManifest.xml:65:17-39
71            android:excludeFromRecents="true"
71-->src\main\AndroidManifest.xml:66:17-50
72            android:exported="false" >
72-->src\main\AndroidManifest.xml:64:17-41
73            <meta-data
73-->src\main\AndroidManifest.xml:67:17-69:57
74                android:name="android.support.customtabs.trusted.MANAGE_SPACE_URL"
74-->src\main\AndroidManifest.xml:68:21-87
75                android:value="@string/launchUrl" />
75-->src\main\AndroidManifest.xml:69:21-54
76
77            <intent-filter>
77-->src\main\AndroidManifest.xml:70:17-73:33
78                <action android:name="android.intent.action.APPLICATION_PREFERENCES" />
78-->src\main\AndroidManifest.xml:71:21-92
78-->src\main\AndroidManifest.xml:71:29-89
79
80                <category android:name="android.intent.category.DEFAULT" />
80-->src\main\AndroidManifest.xml:72:21-80
80-->src\main\AndroidManifest.xml:72:31-77
81            </intent-filter>
82        </activity>
83        <activity
83-->src\main\AndroidManifest.xml:77:9-158:20
84            android:name="com.pedeacai.app.LauncherActivity"
84-->src\main\AndroidManifest.xml:77:19-50
85            android:alwaysRetainTaskState="true"
85-->src\main\AndroidManifest.xml:78:13-49
86            android:exported="true"
86-->src\main\AndroidManifest.xml:80:13-36
87            android:label="@string/launcherName" >
87-->src\main\AndroidManifest.xml:79:13-49
88            <meta-data
88-->src\main\AndroidManifest.xml:81:13-82:53
89                android:name="android.support.customtabs.trusted.DEFAULT_URL"
89-->src\main\AndroidManifest.xml:81:24-85
90                android:value="@string/launchUrl" />
90-->src\main\AndroidManifest.xml:82:17-50
91            <meta-data
91-->src\main\AndroidManifest.xml:84:13-86:58
92                android:name="android.support.customtabs.trusted.STATUS_BAR_COLOR"
92-->src\main\AndroidManifest.xml:85:17-83
93                android:resource="@color/colorPrimary" />
93-->src\main\AndroidManifest.xml:86:17-55
94            <meta-data
94-->src\main\AndroidManifest.xml:90:13-92:62
95                android:name="android.support.customtabs.trusted.STATUS_BAR_COLOR_DARK"
95-->src\main\AndroidManifest.xml:91:17-88
96                android:resource="@color/colorPrimaryDark" />
96-->src\main\AndroidManifest.xml:92:17-59
97            <meta-data
97-->src\main\AndroidManifest.xml:94:13-96:61
98                android:name="android.support.customtabs.trusted.NAVIGATION_BAR_COLOR"
98-->src\main\AndroidManifest.xml:95:17-87
99                android:resource="@color/navigationColor" />
99-->src\main\AndroidManifest.xml:96:17-58
100            <meta-data
100-->src\main\AndroidManifest.xml:98:13-100:65
101                android:name="android.support.customtabs.trusted.NAVIGATION_BAR_COLOR_DARK"
101-->src\main\AndroidManifest.xml:99:17-92
102                android:resource="@color/navigationColorDark" />
102-->src\main\AndroidManifest.xml:100:17-62
103            <meta-data
103-->src\main\AndroidManifest.xml:102:13-104:68
104                android:name="androix.browser.trusted.NAVIGATION_BAR_DIVIDER_COLOR"
104-->src\main\AndroidManifest.xml:103:17-84
105                android:resource="@color/navigationDividerColor" />
105-->src\main\AndroidManifest.xml:104:17-65
106            <meta-data
106-->src\main\AndroidManifest.xml:106:13-108:72
107                android:name="androix.browser.trusted.NAVIGATION_BAR_DIVIDER_COLOR_DARK"
107-->src\main\AndroidManifest.xml:107:17-89
108                android:resource="@color/navigationDividerColorDark" />
108-->src\main\AndroidManifest.xml:108:17-69
109            <meta-data
109-->src\main\AndroidManifest.xml:110:13-111:54
110                android:name="android.support.customtabs.trusted.SPLASH_IMAGE_DRAWABLE"
110-->src\main\AndroidManifest.xml:110:24-95
111                android:resource="@drawable/splash" />
111-->src\main\AndroidManifest.xml:111:17-52
112            <meta-data
112-->src\main\AndroidManifest.xml:113:13-114:60
113                android:name="android.support.customtabs.trusted.SPLASH_SCREEN_BACKGROUND_COLOR"
113-->src\main\AndroidManifest.xml:113:24-104
114                android:resource="@color/backgroundColor" />
114-->src\main\AndroidManifest.xml:114:17-58
115            <meta-data
115-->src\main\AndroidManifest.xml:116:13-117:71
116                android:name="android.support.customtabs.trusted.SPLASH_SCREEN_FADE_OUT_DURATION"
116-->src\main\AndroidManifest.xml:116:24-105
117                android:value="@integer/splashScreenFadeOutDuration" />
117-->src\main\AndroidManifest.xml:117:17-69
118            <meta-data
118-->src\main\AndroidManifest.xml:119:13-120:60
119                android:name="android.support.customtabs.trusted.FILE_PROVIDER_AUTHORITY"
119-->src\main\AndroidManifest.xml:119:24-97
120                android:value="@string/providerAuthority" />
120-->src\main\AndroidManifest.xml:120:17-58
121            <meta-data
121-->src\main\AndroidManifest.xml:122:13-97
122                android:name="android.app.shortcuts"
122-->src\main\AndroidManifest.xml:122:24-60
123                android:resource="@xml/shortcuts" />
123-->src\main\AndroidManifest.xml:122:61-94
124            <meta-data
124-->src\main\AndroidManifest.xml:124:13-125:56
125                android:name="android.support.customtabs.trusted.FALLBACK_STRATEGY"
125-->src\main\AndroidManifest.xml:124:24-91
126                android:value="@string/fallbackType" />
126-->src\main\AndroidManifest.xml:125:17-53
127            <meta-data
127-->src\main\AndroidManifest.xml:131:13-132:54
128                android:name="android.support.customtabs.trusted.SCREEN_ORIENTATION"
128-->src\main\AndroidManifest.xml:131:24-92
129                android:value="@string/orientation" />
129-->src\main\AndroidManifest.xml:132:17-52
130
131            <intent-filter>
131-->src\main\AndroidManifest.xml:140:13-143:29
132                <action android:name="android.intent.action.MAIN" />
132-->src\main\AndroidManifest.xml:141:17-69
132-->src\main\AndroidManifest.xml:141:25-66
133
134                <category android:name="android.intent.category.LAUNCHER" />
134-->src\main\AndroidManifest.xml:142:17-77
134-->src\main\AndroidManifest.xml:142:27-74
135            </intent-filter>
136            <intent-filter android:autoVerify="true" >
136-->src\main\AndroidManifest.xml:145:13-153:29
136-->src\main\AndroidManifest.xml:145:28-53
137                <action android:name="android.intent.action.VIEW" />
137-->src\main\AndroidManifest.xml:146:17-68
137-->src\main\AndroidManifest.xml:146:25-66
138
139                <category android:name="android.intent.category.DEFAULT" />
139-->src\main\AndroidManifest.xml:72:21-80
139-->src\main\AndroidManifest.xml:72:31-77
140                <category android:name="android.intent.category.BROWSABLE" />
140-->src\main\AndroidManifest.xml:148:17-77
140-->src\main\AndroidManifest.xml:148:27-75
141
142                <data
142-->src\main\AndroidManifest.xml:149:17-152:19
143                    android:host="@string/hostName"
143-->src\main\AndroidManifest.xml:150:21-52
144                    android:scheme="https" />
144-->src\main\AndroidManifest.xml:149:23-45
145            </intent-filter>
146        </activity>
147        <activity android:name="com.google.androidbrowserhelper.trusted.FocusActivity" />
147-->src\main\AndroidManifest.xml:160:9-90
147-->src\main\AndroidManifest.xml:160:19-87
148        <activity
148-->src\main\AndroidManifest.xml:162:9-163:62
149            android:name="com.google.androidbrowserhelper.trusted.WebViewFallbackActivity"
149-->src\main\AndroidManifest.xml:162:19-97
150            android:configChanges="orientation|screenSize" />
150-->src\main\AndroidManifest.xml:163:13-59
151
152        <provider
152-->src\main\AndroidManifest.xml:165:9-173:20
153            android:name="androidx.core.content.FileProvider"
153-->src\main\AndroidManifest.xml:166:13-62
154            android:authorities="@string/providerAuthority"
154-->src\main\AndroidManifest.xml:167:13-60
155            android:exported="false"
155-->src\main\AndroidManifest.xml:169:13-37
156            android:grantUriPermissions="true" >
156-->src\main\AndroidManifest.xml:168:13-47
157            <meta-data
157-->src\main\AndroidManifest.xml:170:13-172:53
158                android:name="android.support.FILE_PROVIDER_PATHS"
158-->src\main\AndroidManifest.xml:171:17-67
159                android:resource="@xml/filepaths" />
159-->src\main\AndroidManifest.xml:172:17-50
160        </provider>
161
162        <service
162-->src\main\AndroidManifest.xml:175:9-186:19
163            android:name="com.pedeacai.app.DelegationService"
163-->src\main\AndroidManifest.xml:176:13-46
164            android:enabled="@bool/enableNotification"
164-->src\main\AndroidManifest.xml:177:13-55
165            android:exported="@bool/enableNotification" >
165-->src\main\AndroidManifest.xml:178:13-56
166            <intent-filter>
166-->src\main\AndroidManifest.xml:182:13-185:29
167                <action android:name="android.support.customtabs.trusted.TRUSTED_WEB_ACTIVITY_SERVICE" />
167-->src\main\AndroidManifest.xml:183:17-105
167-->src\main\AndroidManifest.xml:183:25-103
168
169                <category android:name="android.intent.category.DEFAULT" />
169-->src\main\AndroidManifest.xml:72:21-80
169-->src\main\AndroidManifest.xml:72:31-77
170            </intent-filter>
171        </service>
172
173        <provider
173-->[androidx.emoji2:emoji2:1.3.0] AndroidManifest.xml:24:9-32:20
174            android:name="androidx.startup.InitializationProvider"
174-->[androidx.emoji2:emoji2:1.3.0] AndroidManifest.xml:25:13-67
175            android:authorities="com.pedeacai.app.androidx-startup"
175-->[androidx.emoji2:emoji2:1.3.0] AndroidManifest.xml:26:13-68
176            android:exported="false" >
176-->[androidx.emoji2:emoji2:1.3.0] AndroidManifest.xml:27:13-37
177            <meta-data
177-->[androidx.emoji2:emoji2:1.3.0] AndroidManifest.xml:29:13-31:52
178                android:name="androidx.emoji2.text.EmojiCompatInitializer"
178-->[androidx.emoji2:emoji2:1.3.0] AndroidManifest.xml:30:17-75
179                android:value="androidx.startup" />
179-->[androidx.emoji2:emoji2:1.3.0] AndroidManifest.xml:31:17-49
180            <meta-data
180-->[androidx.lifecycle:lifecycle-process:2.6.2] AndroidManifest.xml:29:13-31:52
181                android:name="androidx.lifecycle.ProcessLifecycleInitializer"
181-->[androidx.lifecycle:lifecycle-process:2.6.2] AndroidManifest.xml:30:17-78
182                android:value="androidx.startup" />
182-->[androidx.lifecycle:lifecycle-process:2.6.2] AndroidManifest.xml:31:17-49
183            <meta-data
183-->[androidx.profileinstaller:profileinstaller:1.3.1] AndroidManifest.xml:29:13-31:52
184                android:name="androidx.profileinstaller.ProfileInstallerInitializer"
184-->[androidx.profileinstaller:profileinstaller:1.3.1] AndroidManifest.xml:30:17-85
185                android:value="androidx.startup" />
185-->[androidx.profileinstaller:profileinstaller:1.3.1] AndroidManifest.xml:31:17-49
186        </provider>
187
188        <receiver
188-->[androidx.profileinstaller:profileinstaller:1.3.1] AndroidManifest.xml:34:9-52:20
189            android:name="androidx.profileinstaller.ProfileInstallReceiver"
189-->[androidx.profileinstaller:profileinstaller:1.3.1] AndroidManifest.xml:35:13-76
190            android:directBootAware="false"
190-->[androidx.profileinstaller:profileinstaller:1.3.1] AndroidManifest.xml:36:13-44
191            android:enabled="true"
191-->[androidx.profileinstaller:profileinstaller:1.3.1] AndroidManifest.xml:37:13-35
192            android:exported="true"
192-->[androidx.profileinstaller:profileinstaller:1.3.1] AndroidManifest.xml:38:13-36
193            android:permission="android.permission.DUMP" >
193-->[androidx.profileinstaller:profileinstaller:1.3.1] AndroidManifest.xml:39:13-57
194            <intent-filter>
194-->[androidx.profileinstaller:profileinstaller:1.3.1] AndroidManifest.xml:40:13-42:29
195                <action android:name="androidx.profileinstaller.action.INSTALL_PROFILE" />
195-->[androidx.profileinstaller:profileinstaller:1.3.1] AndroidManifest.xml:41:17-91
195-->[androidx.profileinstaller:profileinstaller:1.3.1] AndroidManifest.xml:41:25-88
196            </intent-filter>
197            <intent-filter>
197-->[androidx.profileinstaller:profileinstaller:1.3.1] AndroidManifest.xml:43:13-45:29
198                <action android:name="androidx.profileinstaller.action.SKIP_FILE" />
198-->[androidx.profileinstaller:profileinstaller:1.3.1] AndroidManifest.xml:44:17-85
198-->[androidx.profileinstaller:profileinstaller:1.3.1] AndroidManifest.xml:44:25-82
199            </intent-filter>
200            <intent-filter>
200-->[androidx.profileinstaller:profileinstaller:1.3.1] AndroidManifest.xml:46:13-48:29
201                <action android:name="androidx.profileinstaller.action.SAVE_PROFILE" />
201-->[androidx.profileinstaller:profileinstaller:1.3.1] AndroidManifest.xml:47:17-88
201-->[androidx.profileinstaller:profileinstaller:1.3.1] AndroidManifest.xml:47:25-85
202            </intent-filter>
203            <intent-filter>
203-->[androidx.profileinstaller:profileinstaller:1.3.1] AndroidManifest.xml:49:13-51:29
204                <action android:name="androidx.profileinstaller.action.BENCHMARK_OPERATION" />
204-->[androidx.profileinstaller:profileinstaller:1.3.1] AndroidManifest.xml:50:17-95
204-->[androidx.profileinstaller:profileinstaller:1.3.1] AndroidManifest.xml:50:25-92
205            </intent-filter>
206        </receiver>
207    </application>
208
209</manifest>